2025-05-23 14:52:20,200 - __main__ - INFO - Starting log forwarder
2025-05-23 14:52:20,200 - root - ERROR - Invalid configuration for file
2025-05-23 14:52:20,811 - ingest.jira - ERROR - Failed to fetch Jira logs: 403
2025-05-23 14:52:20,811 - __main__ - INFO - Fetched 0 logs from JiraIngest
2025-05-23 14:52:46,184 - __main__ - INFO - Starting log forwarder
2025-05-23 14:52:46,184 - root - ERROR - Invalid configuration for file
2025-05-23 14:52:46,184 - __main__ - ERROR - No valid sources configured
2025-05-23 14:54:36,471 - __main__ - INFO - Starting log forwarder
2025-05-23 14:54:36,472 - __main__ - INFO - Fetched 19 logs from FileIngest
2025-05-23 14:54:36,472 - __main__ - ERROR - Error in main loop: 'jira'
2025-05-23 14:54:41,474 - __main__ - INFO - Fetched 0 logs from FileIngest
2025-05-23 14:54:41,474 - __main__ - ERROR - Error in main loop: 'jira'
2025-05-23 14:54:46,476 - __main__ - INFO - Fetched 0 logs from FileIngest
2025-05-23 14:54:46,476 - __main__ - ERROR - Error in main loop: 'jira'
2025-05-23 14:54:51,477 - __main__ - INFO - Fetched 0 logs from FileIngest
2025-05-23 14:54:51,477 - __main__ - ERROR - Error in main loop: 'jira'
2025-05-23 14:54:56,479 - __main__ - INFO - Fetched 0 logs from FileIngest
2025-05-23 14:54:56,479 - __main__ - ERROR - Error in main loop: 'jira'
2025-05-23 14:55:01,481 - __main__ - INFO - Fetched 0 logs from FileIngest
2025-05-23 14:55:01,481 - __main__ - ERROR - Error in main loop: 'jira'
2025-05-23 14:55:06,483 - __main__ - INFO - Fetched 0 logs from FileIngest
2025-05-23 14:55:06,484 - __main__ - ERROR - Error in main loop: 'jira'
2025-05-23 14:55:11,486 - __main__ - INFO - Fetched 0 logs from FileIngest
2025-05-23 14:55:11,486 - __main__ - ERROR - Error in main loop: 'jira'
2025-05-23 14:55:16,488 - __main__ - INFO - Fetched 0 logs from FileIngest
2025-05-23 14:55:16,488 - __main__ - ERROR - Error in main loop: 'jira'
2025-05-23 14:55:21,490 - __main__ - INFO - Fetched 0 logs from FileIngest
2025-05-23 14:55:21,491 - __main__ - ERROR - Error in main loop: 'jira'
2025-05-23 14:55:26,493 - __main__ - INFO - Fetched 0 logs from FileIngest
2025-05-23 14:55:26,493 - __main__ - ERROR - Error in main loop: 'jira'
2025-05-23 14:55:31,495 - __main__ - INFO - Fetched 0 logs from FileIngest
2025-05-23 14:55:31,496 - __main__ - ERROR - Error in main loop: 'jira'
2025-05-23 14:55:36,498 - __main__ - INFO - Fetched 0 logs from FileIngest
2025-05-23 14:55:36,498 - __main__ - ERROR - Error in main loop: 'jira'
2025-05-23 14:55:41,500 - __main__ - INFO - Fetched 0 logs from FileIngest
2025-05-23 14:55:41,501 - __main__ - ERROR - Error in main loop: 'jira'
2025-05-23 14:55:46,503 - __main__ - INFO - Fetched 0 logs from FileIngest
2025-05-23 14:55:46,503 - __main__ - ERROR - Error in main loop: 'jira'
2025-05-23 14:55:51,506 - __main__ - INFO - Fetched 0 logs from FileIngest
2025-05-23 14:55:51,506 - __main__ - ERROR - Error in main loop: 'jira'
2025-05-23 14:55:56,508 - __main__ - INFO - Fetched 0 logs from FileIngest
2025-05-23 14:55:56,508 - __main__ - ERROR - Error in main loop: 'jira'
2025-05-23 14:56:01,511 - __main__ - INFO - Fetched 0 logs from FileIngest
2025-05-23 14:56:01,511 - __main__ - ERROR - Error in main loop: 'jira'
2025-05-23 14:56:06,513 - __main__ - INFO - Fetched 0 logs from FileIngest
2025-05-23 14:56:06,513 - __main__ - ERROR - Error in main loop: 'jira'
2025-05-23 14:56:11,517 - __main__ - INFO - Fetched 136 logs from FileIngest
2025-05-23 14:56:11,517 - __main__ - ERROR - Error in main loop: 'jira'
2025-05-23 14:56:16,519 - __main__ - INFO - Fetched 0 logs from FileIngest
2025-05-23 14:56:16,520 - __main__ - ERROR - Error in main loop: 'jira'
2025-05-23 14:56:21,521 - __main__ - INFO - Fetched 0 logs from FileIngest
2025-05-23 14:56:21,521 - __main__ - ERROR - Error in main loop: 'jira'
2025-05-23 14:56:26,523 - __main__ - INFO - Fetched 0 logs from FileIngest
2025-05-23 14:56:26,523 - __main__ - ERROR - Error in main loop: 'jira'
2025-05-23 14:56:31,525 - __main__ - INFO - Fetched 0 logs from FileIngest
2025-05-23 14:56:31,525 - __main__ - ERROR - Error in main loop: 'jira'
2025-05-23 14:56:36,527 - __main__ - INFO - Fetched 0 logs from FileIngest
2025-05-23 14:56:36,527 - __main__ - ERROR - Error in main loop: 'jira'
2025-05-23 14:56:41,529 - __main__ - INFO - Fetched 0 logs from FileIngest
2025-05-23 14:56:41,530 - __main__ - ERROR - Error in main loop: 'jira'
2025-05-23 14:56:46,532 - __main__ - INFO - Fetched 0 logs from FileIngest
2025-05-23 14:56:46,532 - __main__ - ERROR - Error in main loop: 'jira'
2025-05-23 14:56:51,534 - __main__ - INFO - Fetched 0 logs from FileIngest
2025-05-23 14:56:51,534 - __main__ - ERROR - Error in main loop: 'jira'
2025-05-23 14:56:56,535 - __main__ - INFO - Fetched 0 logs from FileIngest
2025-05-23 14:56:56,535 - __main__ - ERROR - Error in main loop: 'jira'
2025-05-23 14:57:01,537 - __main__ - INFO - Fetched 0 logs from FileIngest
2025-05-23 14:57:01,537 - __main__ - ERROR - Error in main loop: 'jira'
2025-05-23 14:57:06,539 - __main__ - INFO - Fetched 0 logs from FileIngest
2025-05-23 14:57:06,539 - __main__ - ERROR - Error in main loop: 'jira'
2025-05-23 14:57:11,540 - __main__ - INFO - Fetched 0 logs from FileIngest
2025-05-23 14:57:11,540 - __main__ - ERROR - Error in main loop: 'jira'
2025-05-23 14:57:16,542 - __main__ - INFO - Fetched 0 logs from FileIngest
2025-05-23 14:57:16,542 - __main__ - ERROR - Error in main loop: 'jira'
2025-05-23 14:57:21,544 - __main__ - INFO - Fetched 0 logs from FileIngest
2025-05-23 14:57:21,544 - __main__ - ERROR - Error in main loop: 'jira'
2025-05-23 14:57:26,546 - __main__ - INFO - Fetched 0 logs from FileIngest
2025-05-23 14:57:26,546 - __main__ - ERROR - Error in main loop: 'jira'
2025-05-23 14:57:31,547 - __main__ - INFO - Fetched 0 logs from FileIngest
2025-05-23 14:57:31,547 - __main__ - ERROR - Error in main loop: 'jira'
2025-05-23 14:57:36,549 - __main__ - INFO - Fetched 0 logs from FileIngest
2025-05-23 14:57:36,549 - __main__ - ERROR - Error in main loop: 'jira'
2025-05-23 14:57:41,550 - __main__ - INFO - Fetched 0 logs from FileIngest
2025-05-23 14:57:41,551 - __main__ - ERROR - Error in main loop: 'jira'
2025-05-23 14:57:46,552 - __main__ - INFO - Fetched 0 logs from FileIngest
2025-05-23 14:57:46,552 - __main__ - ERROR - Error in main loop: 'jira'
2025-05-23 14:57:51,554 - __main__ - INFO - Fetched 0 logs from FileIngest
2025-05-23 14:57:51,554 - __main__ - ERROR - Error in main loop: 'jira'
2025-05-23 14:57:56,556 - __main__ - INFO - Fetched 0 logs from FileIngest
2025-05-23 14:57:56,557 - __main__ - ERROR - Error in main loop: 'jira'
2025-05-23 14:58:01,559 - __main__ - INFO - Fetched 0 logs from FileIngest
2025-05-23 14:58:01,559 - __main__ - ERROR - Error in main loop: 'jira'
2025-05-23 14:58:06,561 - __main__ - INFO - Fetched 0 logs from FileIngest
2025-05-23 14:58:06,561 - __main__ - ERROR - Error in main loop: 'jira'
2025-05-23 14:58:11,563 - __main__ - INFO - Fetched 0 logs from FileIngest
2025-05-23 14:58:11,563 - __main__ - ERROR - Error in main loop: 'jira'
2025-05-23 14:58:16,565 - __main__ - INFO - Fetched 0 logs from FileIngest
2025-05-23 14:58:16,565 - __main__ - ERROR - Error in main loop: 'jira'
2025-05-23 14:58:21,567 - __main__ - INFO - Fetched 0 logs from FileIngest
2025-05-23 14:58:21,568 - __main__ - ERROR - Error in main loop: 'jira'
2025-05-23 14:58:26,569 - __main__ - INFO - Fetched 0 logs from FileIngest
2025-05-23 14:58:26,569 - __main__ - ERROR - Error in main loop: 'jira'
2025-05-23 14:58:31,570 - __main__ - INFO - Fetched 0 logs from FileIngest
2025-05-23 14:58:31,570 - __main__ - ERROR - Error in main loop: 'jira'
2025-05-23 14:58:36,572 - __main__ - INFO - Fetched 0 logs from FileIngest
2025-05-23 14:58:36,572 - __main__ - ERROR - Error in main loop: 'jira'
2025-05-23 14:58:41,575 - __main__ - INFO - Fetched 155 logs from FileIngest
2025-05-23 14:58:41,575 - __main__ - ERROR - Error in main loop: 'jira'
2025-05-23 14:58:46,578 - __main__ - INFO - Fetched 0 logs from FileIngest
2025-05-23 14:58:46,578 - __main__ - ERROR - Error in main loop: 'jira'
2025-05-23 14:58:51,580 - __main__ - INFO - Fetched 0 logs from FileIngest
2025-05-23 14:58:51,581 - __main__ - ERROR - Error in main loop: 'jira'
2025-05-23 14:58:56,582 - __main__ - INFO - Fetched 0 logs from FileIngest
2025-05-23 14:58:56,582 - __main__ - ERROR - Error in main loop: 'jira'
2025-05-23 14:59:01,584 - __main__ - INFO - Fetched 0 logs from FileIngest
2025-05-23 14:59:01,584 - __main__ - ERROR - Error in main loop: 'jira'
2025-05-23 14:59:06,586 - __main__ - INFO - Fetched 0 logs from FileIngest
2025-05-23 14:59:06,587 - __main__ - ERROR - Error in main loop: 'jira'
2025-05-23 14:59:11,589 - __main__ - INFO - Fetched 0 logs from FileIngest
2025-05-23 14:59:11,589 - __main__ - ERROR - Error in main loop: 'jira'
2025-05-23 14:59:16,591 - __main__ - INFO - Fetched 2 logs from FileIngest
2025-05-23 14:59:16,592 - __main__ - ERROR - Error in main loop: 'jira'
2025-05-23 14:59:21,594 - __main__ - INFO - Fetched 0 logs from FileIngest
2025-05-23 14:59:21,594 - __main__ - ERROR - Error in main loop: 'jira'
2025-05-23 14:59:26,596 - __main__ - INFO - Fetched 0 logs from FileIngest
2025-05-23 14:59:26,596 - __main__ - ERROR - Error in main loop: 'jira'
2025-05-23 14:59:31,598 - __main__ - INFO - Fetched 0 logs from FileIngest
2025-05-23 14:59:31,599 - __main__ - ERROR - Error in main loop: 'jira'
2025-05-23 14:59:36,601 - __main__ - INFO - Fetched 0 logs from FileIngest
2025-05-23 14:59:36,601 - __main__ - ERROR - Error in main loop: 'jira'
2025-05-23 14:59:41,603 - __main__ - INFO - Fetched 0 logs from FileIngest
2025-05-23 14:59:41,603 - __main__ - ERROR - Error in main loop: 'jira'
2025-05-23 14:59:46,604 - __main__ - INFO - Fetched 0 logs from FileIngest
2025-05-23 14:59:46,605 - __main__ - ERROR - Error in main loop: 'jira'
2025-05-23 14:59:51,606 - __main__ - INFO - Fetched 0 logs from FileIngest
2025-05-23 14:59:51,607 - __main__ - ERROR - Error in main loop: 'jira'
2025-05-23 14:59:56,609 - __main__ - INFO - Fetched 0 logs from FileIngest
2025-05-23 14:59:56,609 - __main__ - ERROR - Error in main loop: 'jira'
2025-05-23 15:00:01,611 - __main__ - INFO - Fetched 0 logs from FileIngest
2025-05-23 15:00:01,611 - __main__ - ERROR - Error in main loop: 'jira'
2025-05-23 15:00:06,613 - __main__ - INFO - Fetched 0 logs from FileIngest
2025-05-23 15:00:06,614 - __main__ - ERROR - Error in main loop: 'jira'
2025-05-23 15:00:11,615 - __main__ - INFO - Fetched 0 logs from FileIngest
2025-05-23 15:00:11,616 - __main__ - ERROR - Error in main loop: 'jira'
2025-05-23 15:00:16,617 - __main__ - INFO - Fetched 0 logs from FileIngest
2025-05-23 15:00:16,618 - __main__ - ERROR - Error in main loop: 'jira'
2025-05-23 15:00:21,620 - __main__ - INFO - Fetched 0 logs from FileIngest
2025-05-23 15:00:21,620 - __main__ - ERROR - Error in main loop: 'jira'
2025-05-23 15:00:26,622 - __main__ - INFO - Fetched 0 logs from FileIngest
2025-05-23 15:00:26,622 - __main__ - ERROR - Error in main loop: 'jira'
2025-05-23 15:00:31,624 - __main__ - INFO - Fetched 0 logs from FileIngest
2025-05-23 15:00:31,625 - __main__ - ERROR - Error in main loop: 'jira'
2025-05-23 15:00:36,627 - __main__ - INFO - Fetched 0 logs from FileIngest
2025-05-23 15:00:36,627 - __main__ - ERROR - Error in main loop: 'jira'
2025-05-23 15:00:41,630 - __main__ - INFO - Fetched 0 logs from FileIngest
2025-05-23 15:00:41,630 - __main__ - ERROR - Error in main loop: 'jira'
2025-05-23 15:00:46,632 - __main__ - INFO - Fetched 0 logs from FileIngest
2025-05-23 15:00:46,633 - __main__ - ERROR - Error in main loop: 'jira'
2025-05-23 15:00:51,634 - __main__ - INFO - Fetched 0 logs from FileIngest
2025-05-23 15:00:51,635 - __main__ - ERROR - Error in main loop: 'jira'
2025-05-23 15:00:56,636 - __main__ - INFO - Fetched 0 logs from FileIngest
2025-05-23 15:00:56,637 - __main__ - ERROR - Error in main loop: 'jira'
2025-05-23 15:01:01,639 - __main__ - INFO - Fetched 0 logs from FileIngest
2025-05-23 15:01:01,639 - __main__ - ERROR - Error in main loop: 'jira'
2025-05-23 15:01:06,641 - __main__ - INFO - Fetched 0 logs from FileIngest
2025-05-23 15:01:06,642 - __main__ - ERROR - Error in main loop: 'jira'
2025-05-23 15:01:11,644 - __main__ - INFO - Fetched 0 logs from FileIngest
2025-05-23 15:01:11,644 - __main__ - ERROR - Error in main loop: 'jira'
2025-05-23 15:01:16,647 - __main__ - INFO - Fetched 0 logs from FileIngest
2025-05-23 15:01:16,647 - __main__ - ERROR - Error in main loop: 'jira'
2025-05-23 15:01:21,649 - __main__ - INFO - Fetched 0 logs from FileIngest
2025-05-23 15:01:21,650 - __main__ - ERROR - Error in main loop: 'jira'
2025-05-23 15:01:26,651 - __main__ - INFO - Fetched 0 logs from FileIngest
2025-05-23 15:01:26,651 - __main__ - ERROR - Error in main loop: 'jira'
2025-05-23 15:01:31,653 - __main__ - INFO - Fetched 0 logs from FileIngest
2025-05-23 15:01:31,654 - __main__ - ERROR - Error in main loop: 'jira'
2025-05-23 15:01:36,656 - __main__ - INFO - Fetched 0 logs from FileIngest
2025-05-23 15:01:36,656 - __main__ - ERROR - Error in main loop: 'jira'
2025-05-23 15:01:41,659 - __main__ - INFO - Fetched 0 logs from FileIngest
2025-05-23 15:01:41,659 - __main__ - ERROR - Error in main loop: 'jira'
2025-05-23 15:01:46,661 - __main__ - INFO - Fetched 0 logs from FileIngest
2025-05-23 15:01:46,661 - __main__ - ERROR - Error in main loop: 'jira'
2025-05-23 15:01:51,663 - __main__ - INFO - Fetched 0 logs from FileIngest
2025-05-23 15:01:51,663 - __main__ - ERROR - Error in main loop: 'jira'
2025-05-23 15:01:56,664 - __main__ - INFO - Fetched 0 logs from FileIngest
2025-05-23 15:01:56,664 - __main__ - ERROR - Error in main loop: 'jira'
2025-05-23 15:02:01,665 - __main__ - INFO - Fetched 0 logs from FileIngest
2025-05-23 15:02:01,665 - __main__ - ERROR - Error in main loop: 'jira'
2025-05-23 15:02:06,667 - __main__ - INFO - Fetched 0 logs from FileIngest
2025-05-23 15:02:06,668 - __main__ - ERROR - Error in main loop: 'jira'
2025-05-23 15:02:11,669 - __main__ - INFO - Fetched 0 logs from FileIngest
2025-05-23 15:02:11,669 - __main__ - ERROR - Error in main loop: 'jira'
2025-05-23 15:02:16,671 - __main__ - INFO - Fetched 0 logs from FileIngest
2025-05-23 15:02:16,671 - __main__ - ERROR - Error in main loop: 'jira'
2025-05-23 15:02:21,673 - __main__ - INFO - Fetched 0 logs from FileIngest
2025-05-23 15:02:21,674 - __main__ - ERROR - Error in main loop: 'jira'
2025-05-23 15:02:26,676 - __main__ - INFO - Fetched 0 logs from FileIngest
2025-05-23 15:02:26,676 - __main__ - ERROR - Error in main loop: 'jira'
2025-05-23 15:02:40,909 - __main__ - INFO - Starting log forwarder
2025-05-23 15:02:40,910 - __main__ - INFO - Fetched 309 logs from FileIngest
2025-05-23 15:02:40,912 - core.tcp_sender - ERROR - Failed to connect to TCP server: [Errno 61] Connection refused
2025-05-23 15:02:40,913 - __main__ - ERROR - Failed to forward logs
2025-05-23 15:03:32,577 - __main__ - INFO - Starting log forwarder
2025-05-23 15:03:32,578 - __main__ - INFO - Fetched 309 logs from FileIngest
2025-05-23 15:03:32,580 - core.tcp_sender - INFO - Connected to TCP server at localhost:8080
2025-05-23 15:03:32,582 - __main__ - INFO - Successfully forwarded 309 logs
2025-05-23 15:04:32,597 - __main__ - INFO - Fetched 2 logs from FileIngest
2025-05-23 15:04:32,598 - __main__ - INFO - Successfully forwarded 2 logs
2025-05-23 15:05:32,600 - __main__ - INFO - Fetched 0 logs from FileIngest
2025-05-23 15:06:22,844 - __main__ - INFO - Starting log forwarder
2025-05-23 15:06:22,844 - __main__ - INFO - Fetched 21 logs from FileIngest
2025-05-23 15:06:22,846 - core.tcp_sender - INFO - Connected to TCP server at localhost:8080
2025-05-23 15:06:22,846 - __main__ - INFO - Successfully forwarded 21 logs
2025-05-23 15:06:23,847 - __main__ - INFO - Fetched 0 logs from FileIngest
2025-05-23 15:06:24,850 - __main__ - INFO - Fetched 0 logs from FileIngest
2025-05-23 15:06:25,852 - __main__ - INFO - Fetched 0 logs from FileIngest
2025-05-23 15:06:26,853 - __main__ - INFO - Fetched 0 logs from FileIngest
2025-05-23 15:06:27,855 - __main__ - INFO - Fetched 0 logs from FileIngest
2025-05-23 15:06:28,857 - __main__ - INFO - Fetched 0 logs from FileIngest
2025-05-23 15:06:29,858 - __main__ - INFO - Fetched 0 logs from FileIngest
2025-05-23 15:06:30,860 - __main__ - INFO - Fetched 0 logs from FileIngest
2025-05-23 15:06:31,862 - __main__ - INFO - Fetched 0 logs from FileIngest
2025-05-23 15:06:32,864 - __main__ - INFO - Fetched 0 logs from FileIngest
2025-05-23 15:06:33,866 - __main__ - INFO - Fetched 0 logs from FileIngest
2025-05-23 15:06:34,868 - __main__ - INFO - Fetched 1 logs from FileIngest
2025-05-23 15:06:34,869 - __main__ - INFO - Successfully forwarded 1 logs
2025-05-23 15:06:35,870 - __main__ - INFO - Fetched 0 logs from FileIngest
2025-05-23 15:06:36,872 - __main__ - INFO - Fetched 0 logs from FileIngest
2025-05-23 15:06:37,874 - __main__ - INFO - Fetched 0 logs from FileIngest
2025-05-23 15:06:38,876 - __main__ - INFO - Fetched 0 logs from FileIngest
2025-05-23 15:06:39,878 - __main__ - INFO - Fetched 0 logs from FileIngest
2025-05-23 15:06:40,880 - __main__ - INFO - Fetched 0 logs from FileIngest
2025-05-23 15:06:41,882 - __main__ - INFO - Fetched 0 logs from FileIngest
2025-05-23 15:06:42,884 - __main__ - INFO - Fetched 0 logs from FileIngest
2025-05-23 15:06:43,887 - __main__ - INFO - Fetched 23 logs from FileIngest
2025-05-23 15:06:43,889 - __main__ - INFO - Successfully forwarded 23 logs
2025-05-23 15:06:44,890 - __main__ - INFO - Fetched 0 logs from FileIngest
2025-05-23 15:06:45,892 - __main__ - INFO - Fetched 0 logs from FileIngest
2025-05-23 15:06:46,893 - __main__ - INFO - Fetched 0 logs from FileIngest
2025-05-23 15:06:47,895 - __main__ - INFO - Fetched 0 logs from FileIngest
2025-05-23 15:06:48,897 - __main__ - INFO - Fetched 0 logs from FileIngest
2025-05-23 15:06:49,898 - __main__ - INFO - Fetched 0 logs from FileIngest
2025-05-23 15:06:50,901 - __main__ - INFO - Fetched 0 logs from FileIngest
2025-05-23 15:06:51,902 - __main__ - INFO - Fetched 0 logs from FileIngest
2025-05-23 15:06:52,903 - __main__ - INFO - Fetched 0 logs from FileIngest
2025-05-23 15:06:53,905 - __main__ - INFO - Fetched 0 logs from FileIngest
2025-05-23 15:06:54,907 - __main__ - INFO - Fetched 0 logs from FileIngest
2025-05-23 15:06:55,909 - __main__ - INFO - Fetched 0 logs from FileIngest
2025-05-23 15:06:56,911 - __main__ - INFO - Fetched 0 logs from FileIngest
2025-05-23 15:06:57,912 - __main__ - INFO - Fetched 0 logs from FileIngest
2025-05-23 15:06:58,914 - __main__ - INFO - Fetched 0 logs from FileIngest
2025-05-23 15:06:59,915 - __main__ - INFO - Fetched 0 logs from FileIngest
2025-05-23 15:07:00,917 - __main__ - INFO - Fetched 0 logs from FileIngest
2025-05-23 15:07:01,920 - __main__ - INFO - Fetched 0 logs from FileIngest
2025-05-23 15:07:02,921 - __main__ - INFO - Fetched 0 logs from FileIngest
2025-05-23 15:07:03,924 - __main__ - INFO - Fetched 0 logs from FileIngest
2025-05-23 15:07:04,926 - __main__ - INFO - Fetched 0 logs from FileIngest
2025-05-23 15:07:05,927 - __main__ - INFO - Fetched 0 logs from FileIngest
2025-05-23 15:07:06,929 - __main__ - INFO - Fetched 0 logs from FileIngest
2025-05-23 15:07:07,931 - __main__ - INFO - Fetched 0 logs from FileIngest
2025-05-23 15:07:08,933 - __main__ - INFO - Fetched 0 logs from FileIngest
2025-05-23 15:07:09,935 - __main__ - INFO - Fetched 0 logs from FileIngest
2025-05-23 15:07:10,937 - __main__ - INFO - Fetched 0 logs from FileIngest
2025-05-23 15:07:11,938 - __main__ - INFO - Fetched 0 logs from FileIngest
2025-05-23 15:07:12,940 - __main__ - INFO - Fetched 0 logs from FileIngest
2025-05-23 15:07:13,943 - __main__ - INFO - Fetched 0 logs from FileIngest
2025-05-23 15:07:14,945 - __main__ - INFO - Fetched 0 logs from FileIngest
2025-05-23 15:07:15,947 - __main__ - INFO - Fetched 0 logs from FileIngest
2025-05-23 15:07:16,949 - __main__ - INFO - Fetched 0 logs from FileIngest
2025-05-23 15:07:17,951 - __main__ - INFO - Fetched 0 logs from FileIngest
2025-05-23 15:07:18,953 - __main__ - INFO - Fetched 0 logs from FileIngest
2025-05-23 15:07:19,955 - __main__ - INFO - Fetched 0 logs from FileIngest
2025-05-23 15:07:20,957 - __main__ - INFO - Fetched 0 logs from FileIngest
2025-05-23 15:07:21,959 - __main__ - INFO - Fetched 0 logs from FileIngest
2025-05-23 15:07:22,960 - __main__ - INFO - Fetched 0 logs from FileIngest
2025-05-23 15:07:23,961 - __main__ - INFO - Fetched 0 logs from FileIngest
2025-05-23 15:07:24,963 - __main__ - INFO - Fetched 0 logs from FileIngest
2025-05-23 15:07:25,964 - __main__ - INFO - Fetched 0 logs from FileIngest
2025-05-23 15:07:26,966 - __main__ - INFO - Fetched 0 logs from FileIngest
2025-05-23 15:07:27,967 - __main__ - INFO - Fetched 0 logs from FileIngest
2025-05-23 15:07:28,969 - __main__ - INFO - Fetched 0 logs from FileIngest
2025-05-23 15:07:29,970 - __main__ - INFO - Fetched 0 logs from FileIngest
2025-05-23 15:07:30,972 - __main__ - INFO - Fetched 0 logs from FileIngest
2025-05-23 15:07:31,975 - __main__ - INFO - Fetched 0 logs from FileIngest
2025-05-23 15:07:32,977 - __main__ - INFO - Fetched 0 logs from FileIngest
2025-05-23 15:07:33,978 - __main__ - INFO - Fetched 0 logs from FileIngest
2025-05-23 15:07:34,980 - __main__ - INFO - Fetched 0 logs from FileIngest
2025-05-23 15:07:35,982 - __main__ - INFO - Fetched 0 logs from FileIngest
2025-05-23 15:07:36,984 - __main__ - INFO - Fetched 0 logs from FileIngest
2025-05-23 15:07:37,986 - __main__ - INFO - Fetched 0 logs from FileIngest
2025-05-23 15:07:38,988 - __main__ - INFO - Fetched 0 logs from FileIngest
2025-05-23 15:07:39,990 - __main__ - INFO - Fetched 0 logs from FileIngest
2025-05-23 15:07:40,992 - __main__ - INFO - Fetched 0 logs from FileIngest
2025-05-23 15:07:41,994 - __main__ - INFO - Fetched 0 logs from FileIngest
2025-05-23 15:07:42,995 - __main__ - INFO - Fetched 0 logs from FileIngest
2025-05-23 15:07:43,997 - __main__ - INFO - Fetched 0 logs from FileIngest
2025-05-23 15:07:44,999 - __main__ - INFO - Fetched 0 logs from FileIngest
2025-05-23 15:07:46,001 - __main__ - INFO - Fetched 0 logs from FileIngest
2025-05-23 15:07:47,003 - __main__ - INFO - Fetched 0 logs from FileIngest
2025-05-23 15:07:48,005 - __main__ - INFO - Fetched 0 logs from FileIngest
2025-05-23 15:07:49,008 - __main__ - INFO - Fetched 0 logs from FileIngest
2025-05-23 15:07:50,010 - __main__ - INFO - Fetched 0 logs from FileIngest
2025-05-23 15:07:51,012 - __main__ - INFO - Fetched 0 logs from FileIngest
2025-05-23 15:07:52,014 - __main__ - INFO - Fetched 0 logs from FileIngest
2025-05-23 15:07:53,016 - __main__ - INFO - Fetched 0 logs from FileIngest
2025-05-23 15:07:54,017 - __main__ - INFO - Fetched 0 logs from FileIngest
2025-05-23 15:07:55,020 - __main__ - INFO - Fetched 0 logs from FileIngest
2025-05-23 15:07:56,022 - __main__ - INFO - Fetched 0 logs from FileIngest
2025-05-23 15:07:57,024 - __main__ - INFO - Fetched 0 logs from FileIngest
2025-05-23 15:07:58,026 - __main__ - INFO - Fetched 0 logs from FileIngest
2025-05-23 15:07:59,029 - __main__ - INFO - Fetched 0 logs from FileIngest
2025-05-23 15:08:00,031 - __main__ - INFO - Fetched 0 logs from FileIngest
2025-05-23 15:08:01,033 - __main__ - INFO - Fetched 0 logs from FileIngest
2025-05-23 15:08:02,035 - __main__ - INFO - Fetched 0 logs from FileIngest
2025-05-23 15:08:03,037 - __main__ - INFO - Fetched 0 logs from FileIngest
2025-05-23 15:08:04,039 - __main__ - INFO - Fetched 0 logs from FileIngest
2025-05-23 15:08:05,041 - __main__ - INFO - Fetched 0 logs from FileIngest
2025-05-23 15:08:06,043 - __main__ - INFO - Fetched 0 logs from FileIngest
2025-05-23 15:08:07,045 - __main__ - INFO - Fetched 0 logs from FileIngest
2025-05-23 15:08:08,048 - __main__ - INFO - Fetched 0 logs from FileIngest
2025-05-23 15:08:09,049 - __main__ - INFO - Fetched 0 logs from FileIngest
2025-05-23 15:08:10,051 - __main__ - INFO - Fetched 0 logs from FileIngest
2025-05-23 15:08:11,053 - __main__ - INFO - Fetched 0 logs from FileIngest
2025-05-23 15:08:12,055 - __main__ - INFO - Fetched 0 logs from FileIngest
2025-05-23 15:08:13,057 - __main__ - INFO - Fetched 0 logs from FileIngest
2025-05-23 15:08:14,059 - __main__ - INFO - Fetched 0 logs from FileIngest
2025-05-23 15:08:15,061 - __main__ - INFO - Fetched 0 logs from FileIngest
2025-05-23 15:08:16,063 - __main__ - INFO - Fetched 0 logs from FileIngest
2025-05-23 15:08:17,065 - __main__ - INFO - Fetched 0 logs from FileIngest
2025-05-23 15:08:18,067 - __main__ - INFO - Fetched 0 logs from FileIngest
2025-05-23 15:08:19,069 - __main__ - INFO - Fetched 0 logs from FileIngest
2025-05-23 15:08:20,072 - __main__ - INFO - Fetched 0 logs from FileIngest
2025-05-23 15:08:21,074 - __main__ - INFO - Fetched 0 logs from FileIngest
2025-05-23 15:08:22,076 - __main__ - INFO - Fetched 0 logs from FileIngest
2025-05-23 15:08:23,078 - __main__ - INFO - Fetched 0 logs from FileIngest
2025-05-23 15:08:24,080 - __main__ - INFO - Fetched 0 logs from FileIngest
2025-05-23 15:08:25,082 - __main__ - INFO - Fetched 0 logs from FileIngest
2025-05-23 15:08:26,085 - __main__ - INFO - Fetched 0 logs from FileIngest
2025-05-23 15:08:27,086 - __main__ - INFO - Fetched 0 logs from FileIngest
2025-05-23 15:08:28,088 - __main__ - INFO - Fetched 0 logs from FileIngest
2025-05-23 15:08:29,090 - __main__ - INFO - Fetched 0 logs from FileIngest
2025-05-23 15:08:30,092 - __main__ - INFO - Fetched 0 logs from FileIngest
2025-05-23 15:08:31,094 - __main__ - INFO - Fetched 0 logs from FileIngest
2025-05-23 15:08:32,096 - __main__ - INFO - Fetched 0 logs from FileIngest
2025-05-23 15:08:33,098 - __main__ - INFO - Fetched 0 logs from FileIngest
2025-05-23 15:08:34,100 - __main__ - INFO - Fetched 0 logs from FileIngest
2025-05-23 15:08:35,102 - __main__ - INFO - Fetched 0 logs from FileIngest
2025-05-23 15:08:36,105 - __main__ - INFO - Fetched 0 logs from FileIngest
2025-05-23 15:08:37,107 - __main__ - INFO - Fetched 0 logs from FileIngest
2025-05-23 15:08:38,109 - __main__ - INFO - Fetched 0 logs from FileIngest
2025-05-23 15:08:39,111 - __main__ - INFO - Fetched 0 logs from FileIngest
2025-05-23 15:08:40,114 - __main__ - INFO - Fetched 0 logs from FileIngest
2025-05-23 15:08:41,116 - __main__ - INFO - Fetched 0 logs from FileIngest
2025-05-23 15:08:42,118 - __main__ - INFO - Fetched 0 logs from FileIngest
2025-05-23 15:08:43,120 - __main__ - INFO - Fetched 0 logs from FileIngest
2025-05-23 15:08:44,123 - __main__ - INFO - Fetched 0 logs from FileIngest
2025-05-23 15:08:45,124 - __main__ - INFO - Fetched 0 logs from FileIngest
2025-05-23 15:08:46,125 - __main__ - INFO - Fetched 0 logs from FileIngest
2025-05-23 15:08:47,127 - __main__ - INFO - Fetched 0 logs from FileIngest
2025-05-23 15:08:48,128 - __main__ - INFO - Fetched 0 logs from FileIngest
2025-05-23 15:08:49,129 - __main__ - INFO - Fetched 0 logs from FileIngest
2025-05-23 15:08:50,130 - __main__ - INFO - Fetched 0 logs from FileIngest
2025-05-23 15:08:51,132 - __main__ - INFO - Fetched 0 logs from FileIngest
2025-05-23 15:08:52,134 - __main__ - INFO - Fetched 0 logs from FileIngest
2025-05-23 15:08:53,136 - __main__ - INFO - Fetched 0 logs from FileIngest
2025-05-23 15:08:54,137 - __main__ - INFO - Fetched 0 logs from FileIngest
2025-05-23 15:08:55,139 - __main__ - INFO - Fetched 0 logs from FileIngest
2025-05-23 15:08:56,142 - __main__ - INFO - Fetched 0 logs from FileIngest
2025-05-23 15:08:57,143 - __main__ - INFO - Fetched 0 logs from FileIngest
2025-05-23 15:08:58,145 - __main__ - INFO - Fetched 0 logs from FileIngest
2025-05-23 15:08:59,148 - __main__ - INFO - Fetched 0 logs from FileIngest
2025-05-23 15:09:00,150 - __main__ - INFO - Fetched 0 logs from FileIngest
2025-05-23 15:09:01,152 - __main__ - INFO - Fetched 0 logs from FileIngest
2025-05-23 15:09:02,154 - __main__ - INFO - Fetched 0 logs from FileIngest
2025-05-23 15:09:03,156 - __main__ - INFO - Fetched 0 logs from FileIngest
2025-05-23 15:09:04,158 - __main__ - INFO - Fetched 0 logs from FileIngest
2025-05-23 15:09:05,160 - __main__ - INFO - Fetched 0 logs from FileIngest
2025-05-23 15:09:06,162 - __main__ - INFO - Fetched 0 logs from FileIngest
2025-05-23 15:09:07,164 - __main__ - INFO - Fetched 0 logs from FileIngest
2025-05-23 15:09:08,166 - __main__ - INFO - Fetched 0 logs from FileIngest
2025-05-23 15:09:09,168 - __main__ - INFO - Fetched 0 logs from FileIngest
2025-05-23 15:09:10,170 - __main__ - INFO - Fetched 0 logs from FileIngest
2025-05-23 15:09:11,172 - __main__ - INFO - Fetched 0 logs from FileIngest
2025-05-23 15:09:12,174 - __main__ - INFO - Fetched 0 logs from FileIngest
2025-05-23 15:09:13,176 - __main__ - INFO - Fetched 0 logs from FileIngest
2025-05-23 15:09:14,178 - __main__ - INFO - Fetched 0 logs from FileIngest
2025-05-23 15:09:15,180 - __main__ - INFO - Fetched 0 logs from FileIngest
2025-05-23 15:09:16,182 - __main__ - INFO - Fetched 0 logs from FileIngest
2025-05-23 15:09:17,184 - __main__ - INFO - Fetched 0 logs from FileIngest
2025-05-23 15:09:18,186 - __main__ - INFO - Fetched 0 logs from FileIngest
2025-05-23 15:09:19,187 - __main__ - INFO - Fetched 0 logs from FileIngest
2025-05-23 15:09:20,188 - __main__ - INFO - Fetched 0 logs from FileIngest
2025-05-23 15:09:21,190 - __main__ - INFO - Fetched 0 logs from FileIngest
2025-05-23 15:09:22,191 - __main__ - INFO - Fetched 0 logs from FileIngest
2025-05-23 15:09:23,193 - __main__ - INFO - Fetched 0 logs from FileIngest
2025-05-23 15:09:24,194 - __main__ - INFO - Fetched 0 logs from FileIngest
2025-05-23 15:09:25,195 - __main__ - INFO - Fetched 0 logs from FileIngest
2025-05-23 15:09:26,197 - __main__ - INFO - Fetched 0 logs from FileIngest
2025-05-23 15:09:27,198 - __main__ - INFO - Fetched 0 logs from FileIngest
2025-05-23 15:09:28,200 - __main__ - INFO - Fetched 0 logs from FileIngest
2025-05-23 15:09:29,202 - __main__ - INFO - Fetched 0 logs from FileIngest
2025-05-23 15:09:30,204 - __main__ - INFO - Fetched 0 logs from FileIngest
2025-05-23 15:09:31,205 - __main__ - INFO - Fetched 0 logs from FileIngest
2025-05-23 15:09:32,207 - __main__ - INFO - Fetched 0 logs from FileIngest
2025-05-23 15:09:33,208 - __main__ - INFO - Fetched 0 logs from FileIngest
2025-05-23 15:09:34,210 - __main__ - INFO - Fetched 0 logs from FileIngest
2025-05-23 15:09:35,212 - __main__ - INFO - Fetched 0 logs from FileIngest
2025-05-23 15:09:36,214 - __main__ - INFO - Fetched 0 logs from FileIngest
2025-05-23 15:09:37,215 - __main__ - INFO - Fetched 0 logs from FileIngest
2025-05-23 15:09:38,217 - __main__ - INFO - Fetched 0 logs from FileIngest
2025-05-23 15:09:39,219 - __main__ - INFO - Fetched 0 logs from FileIngest
2025-05-23 15:09:40,220 - __main__ - INFO - Fetched 0 logs from FileIngest
2025-05-23 15:09:41,221 - __main__ - INFO - Fetched 0 logs from FileIngest
2025-05-23 15:09:42,223 - __main__ - INFO - Fetched 0 logs from FileIngest
2025-05-23 15:09:43,225 - __main__ - INFO - Fetched 0 logs from FileIngest
2025-05-23 15:09:44,227 - __main__ - INFO - Fetched 0 logs from FileIngest
2025-05-23 15:09:45,229 - __main__ - INFO - Fetched 0 logs from FileIngest
2025-05-23 15:09:46,231 - __main__ - INFO - Fetched 0 logs from FileIngest
2025-05-23 15:09:47,232 - __main__ - INFO - Fetched 0 logs from FileIngest
2025-05-23 15:09:48,234 - __main__ - INFO - Fetched 0 logs from FileIngest
2025-05-23 15:09:49,235 - __main__ - INFO - Fetched 0 logs from FileIngest
2025-05-23 15:09:50,236 - __main__ - INFO - Fetched 0 logs from FileIngest
2025-05-23 15:09:51,238 - __main__ - INFO - Fetched 0 logs from FileIngest
2025-05-23 15:09:52,239 - __main__ - INFO - Fetched 0 logs from FileIngest
2025-05-23 15:09:53,241 - __main__ - INFO - Fetched 0 logs from FileIngest
2025-05-23 15:09:54,243 - __main__ - INFO - Fetched 0 logs from FileIngest
2025-05-23 15:09:55,245 - __main__ - INFO - Fetched 0 logs from FileIngest
2025-05-23 15:09:56,246 - __main__ - INFO - Fetched 0 logs from FileIngest
2025-05-23 15:09:57,248 - __main__ - INFO - Fetched 0 logs from FileIngest
2025-05-23 15:09:58,250 - __main__ - INFO - Fetched 0 logs from FileIngest
2025-05-23 15:09:59,253 - __main__ - INFO - Fetched 0 logs from FileIngest
2025-05-23 15:10:00,255 - __main__ - INFO - Fetched 0 logs from FileIngest
2025-05-23 15:10:01,257 - __main__ - INFO - Fetched 0 logs from FileIngest
2025-05-23 15:10:02,259 - __main__ - INFO - Fetched 0 logs from FileIngest
2025-05-23 15:10:03,261 - __main__ - INFO - Fetched 0 logs from FileIngest
2025-05-23 15:10:04,263 - __main__ - INFO - Fetched 0 logs from FileIngest
2025-05-23 15:10:05,265 - __main__ - INFO - Fetched 0 logs from FileIngest
2025-05-23 15:10:06,267 - __main__ - INFO - Fetched 0 logs from FileIngest
2025-05-23 15:10:07,270 - __main__ - INFO - Fetched 0 logs from FileIngest
2025-05-23 15:10:08,272 - __main__ - INFO - Fetched 0 logs from FileIngest
2025-05-23 15:10:09,273 - __main__ - INFO - Fetched 0 logs from FileIngest
2025-05-23 15:10:10,276 - __main__ - INFO - Fetched 0 logs from FileIngest
2025-05-23 15:10:11,278 - __main__ - INFO - Fetched 0 logs from FileIngest
2025-05-23 15:10:12,280 - __main__ - INFO - Fetched 0 logs from FileIngest
2025-05-23 15:10:13,282 - __main__ - INFO - Fetched 0 logs from FileIngest
2025-05-23 15:10:14,284 - __main__ - INFO - Fetched 0 logs from FileIngest
2025-05-23 15:10:15,286 - __main__ - INFO - Fetched 0 logs from FileIngest
2025-05-23 15:10:16,288 - __main__ - INFO - Fetched 0 logs from FileIngest
2025-05-23 15:10:17,291 - __main__ - INFO - Fetched 0 logs from FileIngest
2025-05-23 15:10:18,293 - __main__ - INFO - Fetched 0 logs from FileIngest
2025-05-23 15:10:19,295 - __main__ - INFO - Fetched 0 logs from FileIngest
2025-05-23 15:10:20,297 - __main__ - INFO - Fetched 0 logs from FileIngest
2025-05-23 15:10:21,299 - __main__ - INFO - Fetched 0 logs from FileIngest
2025-05-23 15:10:22,301 - __main__ - INFO - Fetched 0 logs from FileIngest
2025-05-23 15:10:23,303 - __main__ - INFO - Fetched 0 logs from FileIngest
2025-05-23 15:10:24,305 - __main__ - INFO - Fetched 0 logs from FileIngest
2025-05-23 15:10:25,306 - __main__ - INFO - Fetched 0 logs from FileIngest
2025-05-23 15:10:26,308 - __main__ - INFO - Fetched 0 logs from FileIngest
2025-05-23 15:10:27,310 - __main__ - INFO - Fetched 0 logs from FileIngest
2025-05-23 15:10:28,311 - __main__ - INFO - Fetched 0 logs from FileIngest
2025-05-23 15:10:29,313 - __main__ - INFO - Fetched 0 logs from FileIngest
2025-05-23 15:10:30,316 - __main__ - INFO - Fetched 0 logs from FileIngest
2025-05-23 15:10:31,318 - __main__ - INFO - Fetched 0 logs from FileIngest
2025-05-23 15:10:32,321 - __main__ - INFO - Fetched 0 logs from FileIngest
2025-05-23 15:10:33,323 - __main__ - INFO - Fetched 0 logs from FileIngest
2025-05-23 15:10:34,325 - __main__ - INFO - Fetched 0 logs from FileIngest
2025-05-23 15:10:35,327 - __main__ - INFO - Fetched 0 logs from FileIngest
2025-05-23 15:10:36,328 - __main__ - INFO - Fetched 0 logs from FileIngest
2025-05-23 15:10:37,329 - __main__ - INFO - Fetched 0 logs from FileIngest
2025-05-23 15:10:38,331 - __main__ - INFO - Fetched 0 logs from FileIngest
2025-05-23 15:10:39,333 - __main__ - INFO - Fetched 0 logs from FileIngest
2025-05-23 15:10:40,335 - __main__ - INFO - Fetched 0 logs from FileIngest
2025-05-23 15:10:41,337 - __main__ - INFO - Fetched 0 logs from FileIngest
2025-05-23 15:10:42,339 - __main__ - INFO - Fetched 0 logs from FileIngest
2025-05-23 15:10:43,341 - __main__ - INFO - Fetched 0 logs from FileIngest
2025-05-23 15:10:44,342 - __main__ - INFO - Fetched 0 logs from FileIngest
2025-05-23 15:10:45,345 - __main__ - INFO - Fetched 0 logs from FileIngest
2025-05-23 15:10:46,346 - __main__ - INFO - Fetched 0 logs from FileIngest
2025-05-23 15:10:47,348 - __main__ - INFO - Fetched 0 logs from FileIngest
2025-05-23 15:10:48,350 - __main__ - INFO - Fetched 0 logs from FileIngest
2025-05-23 15:10:49,352 - __main__ - INFO - Fetched 0 logs from FileIngest
2025-05-23 15:10:57,120 - __main__ - INFO - Starting log forwarder
2025-05-23 15:10:57,121 - core.tcp_sender - INFO - Connected to TCP server at localhost:8080
2025-05-23 15:10:57,121 - __main__ - INFO - Fetched 43 logs from FileIngest
2025-05-23 15:10:57,122 - __main__ - INFO - Forwarded 43 logs in CEF format
2025-05-23 15:10:58,123 - __main__ - INFO - Fetched 0 logs from FileIngest
2025-05-23 15:10:59,126 - __main__ - INFO - Fetched 0 logs from FileIngest
2025-05-23 15:11:00,128 - __main__ - INFO - Fetched 0 logs from FileIngest
2025-05-23 15:11:01,130 - __main__ - INFO - Fetched 0 logs from FileIngest
2025-05-23 15:11:02,132 - __main__ - INFO - Fetched 0 logs from FileIngest
2025-05-23 15:11:03,135 - __main__ - INFO - Fetched 0 logs from FileIngest
2025-05-23 15:11:04,137 - __main__ - INFO - Fetched 0 logs from FileIngest
2025-05-23 15:11:05,139 - __main__ - INFO - Fetched 0 logs from FileIngest
2025-05-23 15:11:06,141 - __main__ - INFO - Fetched 0 logs from FileIngest
2025-05-23 15:11:07,143 - __main__ - INFO - Fetched 0 logs from FileIngest
2025-05-23 15:11:08,145 - __main__ - INFO - Fetched 0 logs from FileIngest
2025-05-23 15:11:09,147 - __main__ - INFO - Fetched 0 logs from FileIngest
2025-05-23 15:11:10,149 - __main__ - INFO - Fetched 0 logs from FileIngest
2025-05-23 15:11:11,151 - __main__ - INFO - Fetched 0 logs from FileIngest
2025-05-23 15:11:12,153 - __main__ - INFO - Fetched 0 logs from FileIngest
2025-05-23 15:11:13,155 - __main__ - INFO - Fetched 0 logs from FileIngest
2025-05-23 15:11:14,158 - __main__ - INFO - Fetched 0 logs from FileIngest
2025-05-23 15:11:15,160 - __main__ - INFO - Fetched 0 logs from FileIngest
2025-05-23 15:11:16,162 - __main__ - INFO - Fetched 0 logs from FileIngest
2025-05-23 15:11:17,164 - __main__ - INFO - Fetched 2 logs from FileIngest
2025-05-23 15:11:17,164 - __main__ - INFO - Forwarded 2 logs in CEF format
2025-05-23 15:11:18,166 - __main__ - INFO - Fetched 0 logs from FileIngest
2025-05-23 15:11:19,168 - __main__ - INFO - Fetched 0 logs from FileIngest
2025-05-23 15:11:20,170 - __main__ - INFO - Fetched 0 logs from FileIngest
2025-05-23 15:11:21,172 - __main__ - INFO - Fetched 0 logs from FileIngest
2025-05-23 15:11:22,174 - __main__ - INFO - Fetched 0 logs from FileIngest
2025-05-23 15:11:23,177 - __main__ - INFO - Fetched 0 logs from FileIngest
2025-05-23 15:11:24,178 - __main__ - INFO - Fetched 0 logs from FileIngest
2025-05-23 15:11:25,180 - __main__ - INFO - Fetched 0 logs from FileIngest
2025-05-23 15:11:26,183 - __main__ - INFO - Fetched 0 logs from FileIngest
2025-05-23 15:11:27,185 - __main__ - INFO - Fetched 0 logs from FileIngest
2025-05-23 15:11:28,187 - __main__ - INFO - Fetched 0 logs from FileIngest
2025-05-23 15:11:29,189 - __main__ - INFO - Fetched 0 logs from FileIngest
2025-05-23 15:11:30,192 - __main__ - INFO - Fetched 0 logs from FileIngest
2025-05-23 15:11:31,193 - __main__ - INFO - Fetched 0 logs from FileIngest
2025-05-23 15:11:32,195 - __main__ - INFO - Fetched 0 logs from FileIngest
2025-05-23 15:11:33,197 - __main__ - INFO - Fetched 0 logs from FileIngest
2025-05-23 15:11:34,199 - __main__ - INFO - Fetched 0 logs from FileIngest
2025-05-23 15:11:35,201 - __main__ - INFO - Fetched 0 logs from FileIngest
2025-05-23 15:11:36,203 - __main__ - INFO - Fetched 0 logs from FileIngest
2025-05-23 15:11:37,205 - __main__ - INFO - Fetched 0 logs from FileIngest
2025-05-23 15:11:38,208 - __main__ - INFO - Fetched 2 logs from FileIngest
2025-05-23 15:11:38,209 - __main__ - INFO - Forwarded 2 logs in CEF format
2025-05-23 15:11:39,211 - __main__ - INFO - Fetched 0 logs from FileIngest
2025-05-23 15:11:40,213 - __main__ - INFO - Fetched 0 logs from FileIngest
2025-05-23 15:11:41,215 - __main__ - INFO - Fetched 0 logs from FileIngest
2025-05-23 15:11:42,217 - __main__ - INFO - Fetched 0 logs from FileIngest
2025-05-23 15:11:43,219 - __main__ - INFO - Fetched 0 logs from FileIngest
2025-05-23 15:11:44,222 - __main__ - INFO - Fetched 0 logs from FileIngest
2025-05-23 15:11:45,224 - __main__ - INFO - Fetched 0 logs from FileIngest
2025-05-23 15:11:46,226 - __main__ - INFO - Fetched 0 logs from FileIngest
2025-05-23 15:11:47,229 - __main__ - INFO - Fetched 0 logs from FileIngest
2025-05-23 15:11:48,231 - __main__ - INFO - Fetched 0 logs from FileIngest
2025-05-23 15:11:49,232 - __main__ - INFO - Fetched 0 logs from FileIngest
2025-05-23 15:11:50,235 - __main__ - INFO - Fetched 0 logs from FileIngest
2025-05-23 15:11:51,237 - __main__ - INFO - Fetched 0 logs from FileIngest
2025-05-23 15:11:52,239 - __main__ - INFO - Fetched 0 logs from FileIngest
2025-05-23 15:11:53,241 - __main__ - INFO - Fetched 0 logs from FileIngest
2025-05-23 15:11:54,244 - __main__ - INFO - Fetched 0 logs from FileIngest
2025-05-23 15:11:55,246 - __main__ - INFO - Fetched 0 logs from FileIngest
2025-05-23 15:11:56,248 - __main__ - INFO - Fetched 0 logs from FileIngest
2025-05-23 15:11:57,251 - __main__ - INFO - Fetched 0 logs from FileIngest
2025-05-23 15:11:58,252 - __main__ - INFO - Fetched 0 logs from FileIngest
2025-05-23 15:11:59,255 - __main__ - INFO - Fetched 0 logs from FileIngest
2025-05-23 15:12:00,257 - __main__ - INFO - Fetched 0 logs from FileIngest
2025-05-23 15:12:01,259 - __main__ - INFO - Fetched 0 logs from FileIngest
2025-05-23 15:12:02,261 - __main__ - INFO - Fetched 0 logs from FileIngest
2025-05-23 15:12:03,263 - __main__ - INFO - Fetched 0 logs from FileIngest
2025-05-23 15:12:04,265 - __main__ - INFO - Fetched 0 logs from FileIngest
2025-05-23 15:12:05,268 - __main__ - INFO - Fetched 0 logs from FileIngest
2025-05-23 15:12:06,270 - __main__ - INFO - Fetched 0 logs from FileIngest
2025-05-23 15:12:07,272 - __main__ - INFO - Fetched 0 logs from FileIngest
2025-05-23 15:12:08,274 - __main__ - INFO - Fetched 0 logs from FileIngest
2025-05-23 15:12:09,276 - __main__ - INFO - Fetched 0 logs from FileIngest
2025-05-23 15:12:10,278 - __main__ - INFO - Fetched 0 logs from FileIngest
2025-05-23 15:12:11,280 - __main__ - INFO - Fetched 0 logs from FileIngest
2025-05-23 15:12:12,283 - __main__ - INFO - Fetched 0 logs from FileIngest
2025-05-23 15:12:13,285 - __main__ - INFO - Fetched 0 logs from FileIngest
2025-05-23 15:12:14,287 - __main__ - INFO - Fetched 0 logs from FileIngest
2025-05-23 15:12:15,289 - __main__ - INFO - Fetched 0 logs from FileIngest
2025-05-23 15:12:16,291 - __main__ - INFO - Fetched 0 logs from FileIngest
2025-05-23 15:12:17,293 - __main__ - INFO - Fetched 0 logs from FileIngest
2025-05-23 15:12:18,294 - __main__ - INFO - Fetched 0 logs from FileIngest
2025-05-23 15:12:19,295 - __main__ - INFO - Fetched 0 logs from FileIngest
2025-05-23 15:12:20,297 - __main__ - INFO - Fetched 0 logs from FileIngest
2025-05-23 15:12:21,300 - __main__ - INFO - Fetched 0 logs from FileIngest
2025-05-23 15:12:22,303 - __main__ - INFO - Fetched 0 logs from FileIngest
2025-05-23 15:12:23,305 - __main__ - INFO - Fetched 0 logs from FileIngest
2025-05-23 15:12:24,307 - __main__ - INFO - Fetched 0 logs from FileIngest
2025-05-23 15:12:25,309 - __main__ - INFO - Fetched 0 logs from FileIngest
2025-05-23 15:12:26,311 - __main__ - INFO - Fetched 0 logs from FileIngest
2025-05-23 15:12:27,313 - __main__ - INFO - Fetched 0 logs from FileIngest
2025-05-23 15:12:28,316 - __main__ - INFO - Fetched 0 logs from FileIngest
2025-05-23 15:12:29,318 - __main__ - INFO - Fetched 0 logs from FileIngest
2025-05-23 15:12:30,320 - __main__ - INFO - Fetched 0 logs from FileIngest
2025-05-23 15:12:31,322 - __main__ - INFO - Fetched 0 logs from FileIngest
2025-05-23 15:12:32,324 - __main__ - INFO - Fetched 0 logs from FileIngest
2025-05-23 15:12:33,327 - __main__ - INFO - Fetched 0 logs from FileIngest
2025-05-23 15:12:34,329 - __main__ - INFO - Fetched 0 logs from FileIngest
2025-05-23 15:12:35,331 - __main__ - INFO - Fetched 0 logs from FileIngest
2025-05-23 15:12:36,333 - __main__ - INFO - Fetched 0 logs from FileIngest
2025-05-23 15:12:37,335 - __main__ - INFO - Fetched 0 logs from FileIngest
2025-05-23 15:12:38,337 - __main__ - INFO - Fetched 0 logs from FileIngest
2025-05-23 15:12:39,340 - __main__ - INFO - Fetched 0 logs from FileIngest
2025-05-23 15:12:40,342 - __main__ - INFO - Fetched 0 logs from FileIngest
2025-05-23 15:12:41,344 - __main__ - INFO - Fetched 0 logs from FileIngest
2025-05-23 15:12:42,346 - __main__ - INFO - Fetched 0 logs from FileIngest
2025-05-23 15:12:43,349 - __main__ - INFO - Fetched 0 logs from FileIngest
2025-05-23 15:12:44,351 - __main__ - INFO - Fetched 0 logs from FileIngest
2025-05-23 15:12:45,353 - __main__ - INFO - Fetched 0 logs from FileIngest
2025-05-23 15:12:46,355 - __main__ - INFO - Fetched 0 logs from FileIngest
2025-05-23 15:12:47,357 - __main__ - INFO - Fetched 0 logs from FileIngest
2025-05-23 15:12:48,359 - __main__ - INFO - Fetched 0 logs from FileIngest
2025-05-23 15:12:49,362 - __main__ - INFO - Fetched 0 logs from FileIngest
2025-05-23 15:12:50,364 - __main__ - INFO - Fetched 0 logs from FileIngest
2025-05-23 15:12:51,366 - __main__ - INFO - Fetched 0 logs from FileIngest
2025-05-23 15:12:52,368 - __main__ - INFO - Fetched 0 logs from FileIngest
2025-05-23 15:12:53,369 - __main__ - INFO - Fetched 0 logs from FileIngest
2025-05-23 15:12:54,371 - __main__ - INFO - Fetched 0 logs from FileIngest
2025-05-23 15:12:55,372 - __main__ - INFO - Fetched 0 logs from FileIngest
2025-05-23 15:12:56,374 - __main__ - INFO - Fetched 0 logs from FileIngest
2025-05-23 15:12:57,376 - __main__ - INFO - Fetched 0 logs from FileIngest
2025-05-23 15:12:58,377 - __main__ - INFO - Fetched 0 logs from FileIngest
2025-05-23 15:12:59,379 - __main__ - INFO - Fetched 0 logs from FileIngest
2025-05-23 15:13:00,380 - __main__ - INFO - Fetched 0 logs from FileIngest
2025-05-23 15:13:01,382 - __main__ - INFO - Fetched 0 logs from FileIngest
2025-05-23 15:13:02,384 - __main__ - INFO - Fetched 0 logs from FileIngest
2025-05-23 15:13:03,385 - __main__ - INFO - Fetched 0 logs from FileIngest
2025-05-23 15:13:04,387 - __main__ - INFO - Fetched 0 logs from FileIngest
2025-05-23 15:13:05,388 - __main__ - INFO - Fetched 0 logs from FileIngest
2025-05-23 15:13:06,390 - __main__ - INFO - Fetched 0 logs from FileIngest
2025-05-23 15:13:07,392 - __main__ - INFO - Fetched 0 logs from FileIngest
2025-05-23 15:13:08,393 - __main__ - INFO - Fetched 0 logs from FileIngest
2025-05-23 15:13:09,395 - __main__ - INFO - Fetched 0 logs from FileIngest
2025-05-23 15:13:10,397 - __main__ - INFO - Fetched 0 logs from FileIngest
2025-05-23 15:13:11,399 - __main__ - INFO - Fetched 0 logs from FileIngest
2025-05-23 15:13:12,400 - __main__ - INFO - Fetched 0 logs from FileIngest
2025-05-23 15:13:13,402 - __main__ - INFO - Fetched 0 logs from FileIngest
2025-05-23 15:13:14,404 - __main__ - INFO - Fetched 0 logs from FileIngest
2025-05-23 15:13:15,407 - __main__ - INFO - Fetched 0 logs from FileIngest
2025-05-23 15:13:16,408 - __main__ - INFO - Fetched 0 logs from FileIngest
2025-05-23 15:13:17,409 - __main__ - INFO - Fetched 0 logs from FileIngest
2025-05-23 15:13:18,411 - __main__ - INFO - Fetched 0 logs from FileIngest
2025-05-23 15:13:19,414 - __main__ - INFO - Fetched 0 logs from FileIngest
2025-05-23 15:13:20,416 - __main__ - INFO - Fetched 0 logs from FileIngest
2025-05-23 15:13:21,417 - __main__ - INFO - Fetched 0 logs from FileIngest
2025-05-23 15:13:22,419 - __main__ - INFO - Fetched 0 logs from FileIngest
2025-05-23 15:13:23,421 - __main__ - INFO - Fetched 0 logs from FileIngest
2025-05-23 15:13:24,423 - __main__ - INFO - Fetched 0 logs from FileIngest
2025-05-23 15:13:25,425 - __main__ - INFO - Fetched 0 logs from FileIngest
2025-05-23 15:13:26,426 - __main__ - INFO - Fetched 0 logs from FileIngest
2025-05-23 15:13:27,428 - __main__ - INFO - Fetched 0 logs from FileIngest
2025-05-23 15:13:28,430 - __main__ - INFO - Fetched 0 logs from FileIngest
2025-05-23 15:13:29,432 - __main__ - INFO - Fetched 0 logs from FileIngest
2025-05-23 15:13:30,434 - __main__ - INFO - Fetched 0 logs from FileIngest
2025-05-23 15:13:31,436 - __main__ - INFO - Fetched 0 logs from FileIngest
2025-05-23 15:13:32,438 - __main__ - INFO - Fetched 0 logs from FileIngest
2025-05-23 15:13:33,440 - __main__ - INFO - Fetched 0 logs from FileIngest
2025-05-23 15:13:34,442 - __main__ - INFO - Fetched 0 logs from FileIngest
2025-05-23 15:13:35,444 - __main__ - INFO - Fetched 0 logs from FileIngest
2025-05-23 15:13:36,446 - __main__ - INFO - Fetched 0 logs from FileIngest
2025-05-23 15:13:37,447 - __main__ - INFO - Fetched 0 logs from FileIngest
2025-05-23 15:13:38,449 - __main__ - INFO - Fetched 0 logs from FileIngest
2025-05-23 15:13:39,451 - __main__ - INFO - Fetched 0 logs from FileIngest
2025-05-23 15:13:40,453 - __main__ - INFO - Fetched 0 logs from FileIngest
2025-05-23 15:13:41,455 - __main__ - INFO - Fetched 0 logs from FileIngest
2025-05-23 15:13:42,457 - __main__ - INFO - Fetched 0 logs from FileIngest
2025-05-23 15:13:43,458 - __main__ - INFO - Fetched 0 logs from FileIngest
2025-05-23 15:13:44,460 - __main__ - INFO - Fetched 0 logs from FileIngest
2025-05-23 15:13:45,462 - __main__ - INFO - Fetched 0 logs from FileIngest
2025-05-23 15:13:46,464 - __main__ - INFO - Fetched 0 logs from FileIngest
2025-05-23 15:13:47,466 - __main__ - INFO - Fetched 0 logs from FileIngest
2025-05-23 15:13:48,468 - __main__ - INFO - Fetched 0 logs from FileIngest
2025-05-23 15:13:49,470 - __main__ - INFO - Fetched 0 logs from FileIngest
2025-05-23 15:13:50,472 - __main__ - INFO - Fetched 0 logs from FileIngest
2025-05-23 15:13:51,474 - __main__ - INFO - Fetched 0 logs from FileIngest
2025-05-23 15:13:52,477 - __main__ - INFO - Fetched 0 logs from FileIngest
2025-05-23 15:13:53,479 - __main__ - INFO - Fetched 0 logs from FileIngest
2025-05-23 15:13:54,481 - __main__ - INFO - Fetched 0 logs from FileIngest
2025-05-23 15:13:55,483 - __main__ - INFO - Fetched 0 logs from FileIngest
2025-05-23 15:13:56,485 - __main__ - INFO - Fetched 0 logs from FileIngest
2025-05-23 15:13:57,488 - __main__ - INFO - Fetched 0 logs from FileIngest
2025-05-23 15:13:58,490 - __main__ - INFO - Fetched 0 logs from FileIngest
2025-05-23 15:13:59,492 - __main__ - INFO - Fetched 0 logs from FileIngest
2025-05-23 15:14:00,495 - __main__ - INFO - Fetched 0 logs from FileIngest
2025-05-23 15:14:01,497 - __main__ - INFO - Fetched 0 logs from FileIngest
2025-05-23 15:14:02,499 - __main__ - INFO - Fetched 0 logs from FileIngest
2025-05-23 15:14:03,501 - __main__ - INFO - Fetched 0 logs from FileIngest
2025-05-23 15:14:04,503 - __main__ - INFO - Fetched 0 logs from FileIngest
2025-05-23 15:14:05,506 - __main__ - INFO - Fetched 0 logs from FileIngest
2025-05-23 15:14:06,508 - __main__ - INFO - Fetched 0 logs from FileIngest
2025-05-23 15:14:07,509 - __main__ - INFO - Fetched 0 logs from FileIngest
2025-05-23 15:14:08,511 - __main__ - INFO - Fetched 0 logs from FileIngest
2025-05-23 15:14:09,513 - __main__ - INFO - Fetched 0 logs from FileIngest
2025-05-23 15:14:10,514 - __main__ - INFO - Fetched 0 logs from FileIngest
2025-05-23 15:14:11,516 - __main__ - INFO - Fetched 0 logs from FileIngest
2025-05-23 15:14:12,517 - __main__ - INFO - Fetched 0 logs from FileIngest
2025-05-23 15:14:13,519 - __main__ - INFO - Fetched 0 logs from FileIngest
2025-05-23 15:14:14,522 - __main__ - INFO - Fetched 0 logs from FileIngest
2025-05-23 15:14:15,525 - __main__ - INFO - Fetched 0 logs from FileIngest
2025-05-23 15:14:16,527 - __main__ - INFO - Fetched 0 logs from FileIngest
2025-05-23 15:14:17,528 - __main__ - INFO - Fetched 0 logs from FileIngest
2025-05-23 15:14:18,531 - __main__ - INFO - Fetched 0 logs from FileIngest
2025-05-23 15:14:19,533 - __main__ - INFO - Fetched 0 logs from FileIngest
2025-05-23 15:14:20,535 - __main__ - INFO - Fetched 0 logs from FileIngest
2025-05-23 15:14:21,537 - __main__ - INFO - Fetched 0 logs from FileIngest
2025-05-23 15:14:22,538 - __main__ - INFO - Fetched 0 logs from FileIngest
2025-05-23 15:14:23,540 - __main__ - INFO - Fetched 0 logs from FileIngest
2025-05-23 15:14:24,542 - __main__ - INFO - Fetched 0 logs from FileIngest
2025-05-23 15:14:25,545 - __main__ - INFO - Fetched 0 logs from FileIngest
2025-05-23 15:14:26,546 - __main__ - INFO - Fetched 0 logs from FileIngest
2025-05-23 15:14:27,548 - __main__ - INFO - Fetched 0 logs from FileIngest
2025-05-23 15:14:28,550 - __main__ - INFO - Fetched 0 logs from FileIngest
2025-05-23 15:14:29,552 - __main__ - INFO - Fetched 0 logs from FileIngest
2025-05-23 15:14:30,554 - __main__ - INFO - Fetched 0 logs from FileIngest
2025-05-23 15:14:31,555 - __main__ - INFO - Fetched 0 logs from FileIngest
2025-05-23 15:14:32,557 - __main__ - INFO - Fetched 0 logs from FileIngest
2025-05-23 15:14:33,559 - __main__ - INFO - Fetched 0 logs from FileIngest
